<?xml version="1.0" encoding="UTF-8"?>
<testng-results skipped="0" failed="0" total="1" passed="1">
  <reporter-output>
  </reporter-output>
  <suite name="com.sellab.SampleProg.sampleTest" duration-ms="41" started-at="2020-04-01T10:25:13Z" finished-at="2020-04-01T10:25:13Z">
    <groups>
    </groups>
    <test name="Command line test" duration-ms="41" started-at="2020-04-01T10:25:13Z" finished-at="2020-04-01T10:25:13Z">
      <class name="com.sellab.SampleProg.sampleTest">
        <test-method status="PASS" signature="name()[pri:0, instance:com.sellab.SampleProg.sampleTest@6108b2d7]" name="name" duration-ms="15" started-at="2020-04-01T15:55:13Z" finished-at="2020-04-01T15:55:13Z">
          <reporter-output>
          </reporter-output>
        </test-method> <!-- name -->
      </class> <!-- com.sellab.SampleProg.sampleTest -->
    </test> <!-- Command line test -->
  </suite> <!-- com.sellab.SampleProg.sampleTest -->
</testng-results>
